Arguments: 
  C:\Node.js\node.exe C:\Users\lenovo\AppData\Roaming\npm\node_modules\yarn\bin\yarn.js init

PATH: 
  C:\Program Files\Git\mingw64\bin;C:\Program Files\Git\usr\bin;C:\Users\lenovo\bin;C:\windows\system32;C:\ProgramData\Oracle\Java\javapath;C:\Program Files\Java\jdk1.8.0_144\bin;C:\Program Files\Java\jdk1.8.0_144\jre\bin;C:\TDM-GCC-64\bin;C:\Program Files\dotnet;C:\Program Files\Microsoft SQL Server\130\Tools\Binn;C:\windows\system32";C:\windows\system32;C:\Program Files\Git\cmd;D:\Redis;C:\Users\lenovo\AppData\Roaming\npm\node_modules\yarn\bin;C:\Users\lenovo\AppData\Roaming\npm;C:\Users\lenovo\AppData\Roaming\npm\node_modules\cnpm\bin;C:\WINDOWS\system32;C:\WINDOWS;C:\WINDOWS\System32\Wbem;C:\WINDOWS\System32\WindowsPowerShell\v1.0;C:\WINDOWS\System32\OpenSSH;C:\Program Files\Microsoft SQL Server\110\DTS\Binn;C:\Program Files (x86)\Microsoft SQL Server\110\Tools\Binn;C:\Program Files\Microsoft SQL Server\110\Tools\Binn;C:\Program Files (x86)\Microsoft SQL Server\110\Tools\Binn\ManagementStudio;C:\Program Files (x86)\Microsoft Visual Studio 10.0\Common7\IDE\PrivateAssemblies;C:\Program Files (x86)\Microsoft SQL Server\110\DTS\Binn;C:\Users\lenovo\AppData\Local\Yarn\bin;C:\Node.js;C:\Program Files\MySQL\MySQL Shell 8.0\bin;C:\Users\lenovo\AppData\Roaming\npm\node_modules\cnpm\bin;C:\Users\lenovo\AppData\Local\Microsoft\WindowsApps;D:\WebStorm 2019.2.3\bin;C:\前端开发工具\Microsoft VS Code\bin;C:\Users\lenovo\AppData\Roaming\npm

Yarn version: 
  1.17.3

Node version: 
  12.14.1

Platform: 
  win32 x64

Trace: 
  Error: canceled
      at Interface.<anonymous> (C:\Users\lenovo\AppData\Roaming\npm\node_modules\yarn\lib\cli.js:136724:13)
      at Interface.emit (events.js:223:5)
      at Interface._ttyWrite (readline.js:885:16)
      at ReadStream.onkeypress (readline.js:191:10)
      at ReadStream.emit (events.js:223:5)
      at emitKeys (internal/readline/utils.js:433:14)
      at emitKeys.next (<anonymous>)
      at ReadStream.onData (readline.js:1151:36)
      at ReadStream.emit (events.js:223:5)
      at addChunk (_stream_readable.js:309:12)

npm manifest: 
  No manifest

yarn manifest: 
  No manifest

Lockfile: 
  No lockfile
